2025-06-29 23:13:35 | INFO | Upload diterima: WhatsApp_Video_2025-06-29_at_22.06.44_2c55d251.mp4
2025-06-29 23:13:51 | INFO | Prediksi: Boat (95.4%) | confidence=0.95
2025-06-29 23:13:51 | INFO | Hasil dikirim ke template
2025-06-29 23:44:57 | INFO | Upload diterima: WhatsApp_Video_2025-06-26_at_00.18.03_b6fd1e46.mp4
2025-06-29 23:45:13 | INFO | Prediksi: Tree (81.1%) | confidence=0.81
2025-06-29 23:45:13 | INFO | Hasil dikirim ke template
2025-06-30 00:01:00 | INFO | Upload diterima: WhatsApp_Video_2025-06-26_at_00.18.03_b6fd1e46.mp4
2025-06-30 00:01:15 | INFO | Prediksi: Tree (81.1%) | confidence=0.81
2025-06-30 00:01:15 | INFO | Hasil dikirim ke template
2025-06-30 00:07:23 | INFO | Upload diterima: WhatsApp_Video_2025-06-26_at_00.18.03_b6fd1e46.mp4
2025-06-30 00:07:39 | INFO | Prediksi: Tree (81.1%) | confidence=0.81
2025-06-30 00:07:39 | INFO | Hasil dikirim ke template
2025-06-30 00:35:09 | INFO | Upload diterima: WhatsApp_Video_2025-06-26_at_00.18.03_b6fd1e46.mp4
2025-06-30 00:35:38 | INFO | Overlay dibuat: overlay_WhatsApp_Video_2025-06-26_at_00.18.03_b6fd1e46.mp4
2025-06-30 00:35:55 | INFO | Prediksi: Tree (81.1%) | confidence=0.81
2025-06-30 00:46:43 | INFO | Upload diterima: WhatsApp_Video_2025-06-26_at_00.18.03_b6fd1e46.mp4
2025-06-30 00:47:09 | INFO | Overlay selesai tulis static/videos_overlay\overlay_WhatsApp_Video_2025-06-26_at_00.18.03_b6fd1e46.mp4 (1280x720)
2025-06-30 00:47:25 | INFO | Prediksi: Tree (81.1%) | confidence=0.81
2025-06-30 01:20:56 | INFO | Upload diterima: Wildlife_Windows_7_Sample_Video.mp4
2025-06-30 01:21:28 | INFO | Overlay selesai tulis static/videos_overlay\overlay_Wildlife_Windows_7_Sample_Video.mp4 (1280x720)
2025-06-30 01:21:55 | INFO | Prediksi: Boat (100.0%) | confidence=1.00
2025-06-30 02:23:23 | INFO | Upload diterima: WhatsApp_Video_2025-06-29_at_22.06.44_2c55d251.mp4
2025-06-30 02:23:26 | INFO | Upload diterima: WhatsApp_Video_2025-06-29_at_22.06.44_2c55d251.mp4
2025-06-30 02:23:30 | INFO | Upload diterima: WhatsApp_Video_2025-06-29_at_22.06.44_2c55d251.mp4
2025-06-30 02:23:41 | INFO | Overlay selesai tulis static/videos_overlay\overlay_WhatsApp_Video_2025-06-29_at_22.06.44_2c55d251.mp4 (1280x720)
2025-06-30 02:23:44 | INFO | Overlay selesai tulis static/videos_overlay\overlay_WhatsApp_Video_2025-06-29_at_22.06.44_2c55d251.mp4 (1280x720)
2025-06-30 02:23:47 | INFO | Overlay selesai tulis static/videos_overlay\overlay_WhatsApp_Video_2025-06-29_at_22.06.44_2c55d251.mp4 (1280x720)
2025-06-30 02:24:00 | INFO | Prediksi: Boat (95.4%) | confidence=0.95
2025-06-30 02:24:02 | INFO | Prediksi: Boat (95.4%) | confidence=0.95
2025-06-30 02:24:05 | INFO | Prediksi: Boat (95.4%) | confidence=0.95
2025-06-30 02:32:31 | INFO | Upload diterima: Wildlife_Windows_7_Sample_Video.mp4
2025-06-30 02:33:02 | INFO | Overlay selesai tulis static/videos_overlay\overlay_Wildlife_Windows_7_Sample_Video.mp4 (1280x720)
2025-06-30 02:33:30 | INFO | Prediksi: Boat (100.0%) | confidence=1.00
2025-06-30 02:47:59 | INFO | Upload diterima: WhatsApp_Video_2025-06-29_at_22.06.57_03ad50bb.mp4
2025-06-30 02:48:16 | INFO | Overlay selesai tulis static/videos_overlay\overlay_WhatsApp_Video_2025-06-29_at_22.06.57_03ad50bb.mp4 (1280x720)
2025-06-30 02:48:31 | INFO | Prediksi: Pose Tidak Terdeteksi | confidence=0.00
2025-06-30 02:48:31 | WARNING | Confidence < threshold – pose ditolak
2025-06-30 03:25:03 | INFO | Upload diterima: Rest_Your_Love_On_Me.mp4
2025-06-30 03:28:51 | INFO | Upload diterima: Rest_Your_Love_On_Me.mp4
2025-06-30 03:30:32 | INFO | Overlay selesai tulis static/videos_overlay\overlay_Rest_Your_Love_On_Me.mp4 (720x720)
2025-06-30 03:34:34 | INFO | Overlay selesai tulis static/videos_overlay\overlay_Rest_Your_Love_On_Me.mp4 (720x720)
2025-06-30 03:34:45 | INFO | Upload diterima: WhatsApp_Video_2025-06-29_at_22.06.44_2c55d251.mp4
2025-06-30 03:35:00 | INFO | Overlay selesai tulis static/videos_overlay\overlay_WhatsApp_Video_2025-06-29_at_22.06.44_2c55d251.mp4 (1280x720)
2025-06-30 03:35:17 | INFO | Prediksi: Boat (95.4%) | confidence=0.95
2025-06-30 03:35:31 | INFO | Upload diterima: WhatsApp_Video_2025-06-29_at_22.06.44_2c55d251.mp4
2025-06-30 03:35:46 | INFO | Overlay selesai tulis static/videos_overlay\overlay_WhatsApp_Video_2025-06-29_at_22.06.44_2c55d251.mp4 (1280x720)
2025-06-30 03:36:03 | INFO | Prediksi: Boat (95.4%) | confidence=0.95
2025-06-30 03:36:15 | INFO | Prediksi: Pose Tidak Terdeteksi | confidence=0.00
2025-06-30 03:36:15 | WARNING | Confidence < threshold – pose ditolak
2025-06-30 03:37:21 | INFO | Upload diterima: WhatsApp_Video_2025-06-29_at_22.06.44_2c55d251.mp4
2025-06-30 03:37:36 | INFO | Overlay selesai tulis static/videos_overlay\overlay_WhatsApp_Video_2025-06-29_at_22.06.44_2c55d251.mp4 (1280x720)
2025-06-30 03:37:52 | INFO | Prediksi: Boat (95.4%) | confidence=0.95
2025-06-30 03:38:26 | INFO | Upload diterima: WhatsApp_Video_2025-06-29_at_22.06.57_03ad50bb.mp4
2025-06-30 03:38:42 | INFO | Overlay selesai tulis static/videos_overlay\overlay_WhatsApp_Video_2025-06-29_at_22.06.57_03ad50bb.mp4 (1280x720)
2025-06-30 03:38:57 | INFO | Prediksi: Pose Tidak Terdeteksi | confidence=0.00
2025-06-30 03:38:57 | WARNING | Confidence < threshold – pose ditolak
2025-06-30 03:39:21 | INFO | Upload diterima: WhatsApp_Video_2025-06-29_at_22.06.57_03ad50bb.mp4
2025-06-30 03:39:37 | INFO | Overlay selesai tulis static/videos_overlay\overlay_WhatsApp_Video_2025-06-29_at_22.06.57_03ad50bb.mp4 (1280x720)
2025-06-30 03:39:52 | INFO | Prediksi: Pose Tidak Terdeteksi | confidence=0.00
2025-06-30 03:39:52 | WARNING | Confidence < threshold – pose ditolak
2025-06-30 03:40:11 | INFO | Prediksi: Pose Tidak Terdeteksi | confidence=0.00
2025-06-30 03:40:11 | WARNING | Confidence < threshold – pose ditolak
2025-06-30 16:57:12 | INFO | Upload diterima: Wildlife_Windows_7_Sample_Video.mp4
2025-06-30 16:57:46 | INFO | Overlay selesai tulis static/videos_overlay\overlay_Wildlife_Windows_7_Sample_Video.mp4 (1280x720)
2025-06-30 16:58:16 | INFO | Prediksi: Boat (100.0%) | confidence=1.00
2025-06-30 16:58:40 | INFO | Upload diterima: WhatsApp_Video_2025-06-26_at_00.18.03_b6fd1e46.mp4
2025-06-30 16:59:06 | INFO | Overlay selesai tulis static/videos_overlay\overlay_WhatsApp_Video_2025-06-26_at_00.18.03_b6fd1e46.mp4 (1280x720)
2025-06-30 16:59:22 | INFO | Prediksi: Tree (81.1%) | confidence=0.81
